{
  "stats": {
    "suites": 68,
    "tests": 373,
    "passes": 351,
    "pending": 22,
    "failures": 0,
    "start": "2022-08-01T17:56:54.769Z",
    "end": "2022-08-01T17:56:57.145Z",
    "duration": 2376,
    "testsRegistered": 373,
    "passPercent": 100,
    "pendingPercent": 5.898123324396782,
    "other": 0,
    "hasOther": false,
    "skipped": 0,
    "hasSkipped": false
  },
  "results": [
    {
      "uuid": "ea1150b1-a6de-48d4-abbd-a5b464f1911f",
      "title": "",
      "fullFile": "",
      "file": "",
      "beforeHooks": [
        {
          "title": "\"before all\" hook in \"{root}\"",
          "fullTitle": "\"before all\" hook in \"{root}\"",
          "timedOut": false,
          "duration": 4,
          "state": null,
          "speed": null,
          "pass": false,
          "fail": false,
          "pending": false,
          "context": null,
          "code": "addDefaultMockHandlers();\nawait pactum.mock.start();",
          "err": {},
          "uuid": "bb3954db-638a-4eaf-b8ff-650c23461ac7",
          "parentUUID": "ea1150b1-a6de-48d4-abbd-a5b464f1911f",
          "isHook": true,
          "skipped": false
        }
      ],
      "afterHooks": [
        {
          "title": "\"after all\" hook in \"{root}\"",
          "fullTitle": "\"after all\" hook in \"{root}\"",
          "timedOut": false,
          "duration": 1,
          "state": null,
          "speed": null,
          "pass": false,
          "fail": false,
          "pending": false,
          "context": null,
          "code": "await pactum.mock.stop();",
          "err": {},
          "uuid": "95c43a23-8451-454a-9b46-c0263a15c814",
          "parentUUID": "ea1150b1-a6de-48d4-abbd-a5b464f1911f",
          "isHook": true,
          "skipped": false
        }
      ],
      "tests": [],
      "suites": [
        {
          "uuid": "3a079a46-36f3-4bcf-92f8-89be90a6728f",
          "title": "BDD",
          "fullFile": "/Users/MU/Documents/jenkinsPractice-01/test/component/bdd.spec.js",
          "file": "/test/component/bdd.spec.js",
          "beforeHooks": [
            {
              "title": "\"before all\" hook in \"BDD\"",
              "fullTitle": "BDD \"before all\" hook in \"BDD\"",
              "timedOut": false,
              "duration": 0,
              "state": null,
              "speed": null,
              "pass": false,
              "fail": false,
              "pending": false,
              "context": null,
              "code": "handler.addExpectHandler('a user', (ctx) => {\n  const res = ctx.res;\n  expect(res).should.have.status(200);\n});\nhandler.addExpectHandler('a status 200', (ctx) => {\n  const res = ctx.res;\n  expect(res).should.have.status(200);\n});\nhandler.addExpectHandler('a status 400', (ctx) => {\n  const res = ctx.res;\n  expect(res).should.have.status(400);\n});",
              "err": {},
              "uuid": "18deab43-4c1a-48ee-bff8-07a0bde2a405",
              "parentUUID": "3a079a46-36f3-4bcf-92f8-89be90a6728f",
              "isHook": true,
              "skipped": false
            }
          ],
          "afterHooks": [],
          "tests": [
            {
              "title": "Given a user with name snow",
              "fullTitle": "BDD Given a user with name snow",
              "timedOut": false,
              "duration": 0,
              "state": "passed",
              "speed": "fast",
              "pass": true,
              "fail": false,
              "pending": false,
              "context": null,
              "code": "spec.useInteraction({\n  request: {\n    method: 'GET',\n    path: '/api/users'\n  },\n  response: {\n    status: 200,\n    headers: {\n      'set-cookie': 'name=snow'\n    },\n    body: {\n      name: 'snow'\n    }\n  }\n});",
              "err": {},
              "uuid": "2e4912db-e2c1-4851-bf8e-67b6b13f5221",
              "parentUUID": "3a079a46-36f3-4bcf-92f8-89be90a6728f",
              "isHook": false,
              "skipped": false
            },
            {
              "title": "When a user is requested",
              "fullTitle": "BDD When a user is requested",
              "timedOut": false,
              "duration": 0,
              "state": "passed",
              "speed": "fast",
              "pass": true,
              "fail": false,
              "pending": false,
              "context": null,
              "code": "spec.get('http://localhost:9393/api/users');",
              "err": {},
              "uuid": "58489776-af7d-45ac-aa51-89ba6e763242",
              "parentUUID": "3a079a46-36f3-4bcf-92f8-89be90a6728f",
              "isHook": false,
              "skipped": false
            },
            {
              "title": "should return a response",
              "fullTitle": "BDD should return a response",
              "timedOut": false,
              "duration": 38,
              "state": "passed",
              "speed": "medium",
              "pass": true,
              "fail": false,
              "pending": false,
              "context": null,
              "code": "response = await spec.toss();",
              "err": {},
              "uuid": "dc907274-674a-474b-8f5f-9b289e7d67be",
              "parentUUID": "3a079a46-36f3-4bcf-92f8-89be90a6728f",
              "isHook": false,
              "skipped": false
            },
            {
              "title": "should return a status 200",
              "fullTitle": "BDD should return a status 200",
              "timedOut": false,
              "duration": 0,
              "state": "passed",
              "speed": "fast",
              "pass": true,
              "fail": false,
              "pending": false,
              "context": null,
              "code": "expect(response).to.have.status(200);",
              "err": {},
              "uuid": "602b1b18-78d1-4567-9c8d-3219623d10dc",
              "parentUUID": "3a079a46-36f3-4bcf-92f8-89be90a6728f",
              "isHook": false,
              "skipped": false
            },
            {
              "title": "should return a header",
              "fullTitle": "BDD should return a header",
              "timedOut": false,
              "duration": 0,
              "state": "passed",
              "speed": "fast",
              "pass": true,
              "fail": false,
              "pending": false,
              "context": null,
              "code": "expect(response).to.have.header('connection', 'close');\nexpect(response).to.have.headerContains('connection', 'cl');",
              "err": {},
              "uuid": "c618445e-70fd-438b-bc97-440b85170658",
              "parentUUID": "3a079a46-36f3-4bcf-92f8-89be90a6728f",
              "isHook": false,
              "skipped": false
            },
            {
              "title": "should return cookies",
              "fullTitle": "BDD should return cookies",
              "timedOut": false,
              "duration": 2,
              "state": "passed",
              "speed": "fast",
              "pass": true,
              "fail": false,
              "pending": false,
              "context": null,
              "code": "expect(response).to.have.cookiesLike('name', 'snow');\nexpect(response).to.have.cookies('name', 'snow');",
              "err": {},
              "uuid": "a354bd11-ee50-4290-81c7-e49b2581ffcb",
              "parentUUID": "3a079a46-36f3-4bcf-92f8-89be90a6728f",
              "isHook": false,
              "skipped": false
            },
            {
              "title": "should return a valid user",
              "fullTitle": "BDD should return a valid user",
              "timedOut": false,
              "duration": 2,
              "state": "passed",
              "speed": "fast",
              "pass": true,
              "fail": false,
              "pending": false,
              "context": null,
              "code": "expect(response).to.have.json({ name: 'snow' });\nexpect(response).should.have.jsonLike({ name: 'snow' });\nexpect(response).to.have.json('name', 'snow');\nexpect(response).to.have.jsonLike('name', 'snow');\nexpect(response).to.have.body({ name: 'snow' });\nspec.response().to.have.bodyContains(`snow`);",
              "err": {},
              "uuid": "1b056d7c-965e-4304-b325-27f12b466119",
              "parentUUID": "3a079a46-36f3-4bcf-92f8-89be90a6728f",
              "isHook": false,
              "skipped": false
            },
            {
              "title": "should return a valid schema",
              "fullTitle": "BDD should return a valid schema",
              "timedOut": false,
              "duration": 19,
              "state": "passed",
              "speed": "fast",
              "pass": true,
              "fail": false,
              "pending": false,
              "context": null,
              "code": "expect(response).to.have.jsonSchema({ properties: { name: { type: 'string' } } });",
              "err": {},
              "uuid": "833f0684-a167-4cb8-8e69-5a50e495fdf7",
              "parentUUID": "3a079a46-36f3-4bcf-92f8-89be90a6728f",
              "isHook": false,
              "skipped": false
            },
            {
              "title": "should return a valid schema with options",
              "fullTitle": "BDD should return a valid schema with options",
              "timedOut": false,
              "duration": 5,
              "state": "passed",
              "speed": "fast",
              "pass": true,
              "fail": false,
              "pending": false,
              "context": null,
              "code": "expect(response).to.have.jsonSchema(\n  {\n    properties: {\n      name: {\n        type: 'string',\n        format: 'only-snow'\n      }\n    }\n  },\n  {\n    formats: {\n      'only-snow': /^snow$/\n    }\n  }\n);",
              "err": {},
              "uuid": "2ae6ae2d-4100-4450-8baa-71bc27d858e2",
              "parentUUID": "3a079a46-36f3-4bcf-92f8-89be90a6728f",
              "isHook": false,
              "skipped": false
            },
            {
              "title": "should return a valid schema at",
              "fullTitle": "BDD should return a valid schema at",
              "timedOut": false,
              "duration": 1,
              "state": "passed",
              "speed": "fast",
              "pass": true,
              "fail": false,
              "pending": false,
              "context": null,
              "code": "expect(response).to.have.jsonSchema('.', { properties: { name: { type: 'string' } } });",
              "err": {},
              "uuid": "de2c28ee-ea8f-4ace-bc76-a191e8108bfb",
              "parentUUID": "3a079a46-36f3-4bcf-92f8-89be90a6728f",
              "isHook": false,
              "skipped": false
            },
            {
              "title": "should return a valid schema at with options",
              "fullTitle": "BDD should return a valid schema at with options",
              "timedOut": false,
              "duration": 2,
              "state": "passed",
              "speed": "fast",
              "pass": true,
              "fail": false,
              "pending": false,
              "context": null,
              "code": "expect(response).to.have.jsonSchema('.',\n  { properties: { name: { type: 'string', format: 'only-snow' } } },\n  {\n    formats: {\n      'only-snow': /^snow$/\n    }\n  }\n);",
              "err": {},
              "uuid": "0bff52d5-a51e-46ab-b046-3814189da7db",
              "parentUUID": "3a079a46-36f3-4bcf-92f8-89be90a6728f",
              "isHook": false,
              "skipped": false
            },
            {
              "title": "should return a match",
              "fullTitle": "BDD should return a match",
              "timedOut": false,
              "duration": 1,
              "state": "passed",
              "speed": "fast",
              "pass": true,
              "fail": false,
              "pending": false,
              "context": null,
              "code": "expect(response).to.have.jsonMatch(like({ name: 'snow' }));",
              "err": {},
              "uuid": "91b61fa1-49fa-49bc-8b05-599c7d65cc21",
              "parentUUID": "3a079a46-36f3-4bcf-92f8-89be90a6728f",
              "isHook": false,
              "skipped": false
            },
            {
              "title": "should return a match at",
              "fullTitle": "BDD should return a match at",
              "timedOut": false,
              "duration": 0,
              "state": "passed",
              "speed": "fast",
              "pass": true,
              "fail": false,
              "pending": false,
              "context": null,
              "code": "expect(response).to.have.jsonMatch('.', like({ name: 'snow' }));",
              "err": {},
              "uuid": "6aad2dd3-48eb-4e7d-a22a-ef2c7a011136",
              "parentUUID": "3a079a46-36f3-4bcf-92f8-89be90a6728f",
              "isHook": false,
              "skipped": false
            },
            {
              "title": "should return a strict match",
              "fullTitle": "BDD should return a strict match",
              "timedOut": false,
              "duration": 1,
              "state": "passed",
              "speed": "fast",
              "pass": true,
              "fail": false,
              "pending": false,
              "context": null,
              "code": "expect(response).to.have.jsonMatchStrict(like({ name: 'snow' }));",
              "err": {},
              "uuid": "b3d1ab48-fcc2-4f13-82c8-121db3eed4ac",
              "parentUUID": "3a079a46-36f3-4bcf-92f8-89be90a6728f",
              "isHook": false,
              "skipped": false
            },
            {
              "title": "should return a strict match at",
              "fullTitle": "BDD should return a strict match at",
              "timedOut": false,
              "duration": 1,
              "state": "passed",
              "speed": "fast",
              "pass": true,
              "fail": false,
              "pending": false,
              "context": null,
              "code": "expect(response).to.have.jsonMatchStrict('.', like({ name: 'snow' }));",
              "err": {},
              "uuid": "60811e37-de92-4928-a3d3-54e9cba759f5",
              "parentUUID": "3a079a46-36f3-4bcf-92f8-89be90a6728f",
              "isHook": false,
              "skipped": false
            },
            {
              "title": "should return a response within 500 ms",
              "fullTitle": "BDD should return a response within 500 ms",
              "timedOut": false,
              "duration": 4,
              "state": "passed",
              "speed": "fast",
              "pass": true,
              "fail": false,
              "pending": false,
              "context": null,
              "code": "expect(response).to.have.responseTimeLessThan(1500);\nlet err;\ntry {\n  expect(response).to.have.responseTimeLessThan(0);\n} catch (error) {\n  err = error;\n}\nce(err).not.undefined;\ntry {\n  spec.response().to.have.responseTimeLessThan(0);\n} catch (error) {\n  err = error;\n}\nce(err).not.undefined;",
              "err": {},
              "uuid": "1aba6890-8581-486e-9b98-0b873634aa3c",
              "parentUUID": "3a079a46-36f3-4bcf-92f8-89be90a6728f",
              "isHook": false,
              "skipped": false
            },
            {
              "title": "should run a custom expect handler",
              "fullTitle": "BDD should run a custom expect handler",
              "timedOut": false,
              "duration": 1,
              "state": "passed",
              "speed": "fast",
              "pass": true,
              "fail": false,
              "pending": false,
              "context": null,
              "code": "let err;\nawait expect(response).to.have._('a user');\nawait expect(response).to.have._('a status 200');\ntry {\n  await expect(response).to.have._('a status 400');\n} catch (error) {\n  err = error;\n}\nce(err).not.undefined;",
              "err": {},
              "uuid": "2243cb0f-5a9a-4804-b182-2c53444bbed4",
              "parentUUID": "3a079a46-36f3-4bcf-92f8-89be90a6728f",
              "isHook": false,
              "skipped": false
            },
            {
              "title": "should return custom data",
              "fullTitle": "BDD should return custom data",
              "timedOut": false,
              "duration": 1,
              "state": "passed",
              "speed": "fast",
              "pass": true,
              "fail": false,
              "pending": false,
              "context": null,
              "code": "ce(spec.returns('name')).equals('snow');",
              "err": {},
              "uuid": "7faa9277-06b8-4932-b3b5-817564a37c30",
              "parentUUID": "3a079a46-36f3-4bcf-92f8-89be90a6728f",
              "isHook": false,
              "skipped": false
            },
            {
              "title": "should not have a json with length",
              "fullTitle": "BDD should not have a json with length",
              "timedOut": false,
              "duration": 0,
              "state": "passed",
              "speed": "fast",
              "pass": true,
              "fail": false,
              "pending": false,
              "context": null,
              "code": "let err;\ntry {\n  await expect(response).to.have.jsonLength(1);\n} catch (error) {\n  err = error;\n}\nce(err).not.undefined;",
              "err": {},
              "uuid": "a213ebb5-e4e3-4199-8222-7b658b644108",
              "parentUUID": "3a079a46-36f3-4bcf-92f8-89be90a6728f",
              "isHook": false,
              "skipped": false
            },
            {
              "title": "should not have a json with length at some path",
              "fullTitle": "BDD should not have a json with length at some path",
              "timedOut": false,
              "duration": 1,
              "state": "passed",
              "speed": "fast",
              "pass": true,
              "fail": false,
              "pending": false,
              "context": null,
              "code": "let err;\ntry {\n  await expect(response).to.have.jsonLength('path', 1);\n} catch (error) {\n  err = error;\n}\nce(err).not.undefined;",
              "err": {},
              "uuid": "ac50e371-4b6c-47eb-951d-d54c52e45a6e",
              "parentUUID": "3a079a46-36f3-4bcf-92f8-89be90a6728f",
              "isHook": false,
              "skipped": false
            }
          ],
          "suites": [],
          "passes": [
            "2e4912db-e2c1-4851-bf8e-67b6b13f5221",
            "58489776-af7d-45ac-aa51-89ba6e763242",
            "dc907274-674a-474b-8f5f-9b289e7d67be",
            "602b1b18-78d1-4567-9c8d-3219623d10dc",
            "c618445e-70fd-438b-bc97-440b85170658",
            "a354bd11-ee50-4290-81c7-e49b2581ffcb",
            "1b056d7c-965e-4304-b325-27f12b466119",
            "833f0684-a167-4cb8-8e69-5a50e495fdf7",
            "2ae6ae2d-4100-4450-8baa-71bc27d858e2",
            "de2c28ee-ea8f-4ace-bc76-a191e8108bfb",
            "0bff52d5-a51e-46ab-b046-3814189da7db",
            "91b61fa1-49fa-49bc-8b05-599c7d65cc21",
            "6aad2dd3-48eb-4e7d-a22a-ef2c7a011136",
            "b3d1ab48-fcc2-4f13-82c8-121db3eed4ac",
            "60811e37-de92-4928-a3d3-54e9cba759f5",
            "1aba6890-8581-486e-9b98-0b873634aa3c",
            "2243cb0f-5a9a-4804-b182-2c53444bbed4",
            "7faa9277-06b8-4932-b3b5-817564a37c30",
            "a213ebb5-e4e3-4199-8222-7b658b644108",
            "ac50e371-4b6c-47eb-951d-d54c52e45a6e"
          ],
          "failures": [],
          "pending": [],
          "skipped": [],
          "duration": 79,
          "root": false,
          "rootEmpty": false,
          "_timeout": 10000
        },
        {
          "uuid": "0fff7dd2-c667-4bb1-aa8b-1e30b5497b7c",
          "title": "BDD - AutoReportRunner Disabled",
          "fullFile": "/Users/MU/Documents/jenkinsPractice-01/test/component/bdd.spec.js",
          "file": "/test/component/bdd.spec.js",
          "beforeHooks": [
            {
              "title": "\"before all\" hook in \"BDD - AutoReportRunner Disabled\"",
              "fullTitle": "BDD - AutoReportRunner Disabled \"before all\" hook in \"BDD - AutoReportRunner Disabled\"",
              "timedOut": false,
              "duration": 0,
              "state": null,
              "speed": null,
              "pass": false,
              "fail": false,
              "pending": false,
              "context": null,
              "code": "settings.setReporterAutoRun(false);\nthis.spec = pactum.spec();\nthis.spec.useInteraction('default get');",
              "err": {},
              "uuid": "6cfd9e60-9da5-4ff0-b3a2-359d55614e2e",
              "parentUUID": "0fff7dd2-c667-4bb1-aa8b-1e30b5497b7c",
              "isHook": true,
              "skipped": false
            }
          ],
          "afterHooks": [
            {
              "title": "\"after all\" hook in \"BDD - AutoReportRunner Disabled\"",
              "fullTitle": "BDD - AutoReportRunner Disabled \"after all\" hook in \"BDD - AutoReportRunner Disabled\"",
              "timedOut": false,
              "duration": 0,
              "state": null,
              "speed": null,
              "pass": false,
              "fail": false,
              "pending": false,
              "context": null,
              "code": "this.spec.end();\nsettings.setReporterAutoRun(true);",
              "err": {},
              "uuid": "56fb5cf2-df1e-4bcc-ab22-38c70ed7b43d",
              "parentUUID": "0fff7dd2-c667-4bb1-aa8b-1e30b5497b7c",
              "isHook": true,
              "skipped": false
            }
          ],
          "tests": [
            {
              "title": "get default",
              "fullTitle": "BDD - AutoReportRunner Disabled get default",
              "timedOut": false,
              "duration": 0,
              "state": "passed",
              "speed": "fast",
              "pass": true,
              "fail": false,
              "pending": false,
              "context": null,
              "code": "this.spec.get('http://localhost:9393/default/get');",
              "err": {},
              "uuid": "d2a552dc-e0e6-4387-a158-3b44f0e15fff",
              "parentUUID": "0fff7dd2-c667-4bb1-aa8b-1e30b5497b7c",
              "isHook": false,
              "skipped": false
            },
            {
              "title": "should return a response",
              "fullTitle": "BDD - AutoReportRunner Disabled should return a response",
              "timedOut": false,
              "duration": 3,
              "state": "passed",
              "speed": "fast",
              "pass": true,
              "fail": false,
              "pending": false,
              "context": null,
              "code": "await this.spec.toss();",
              "err": {},
              "uuid": "de01686f-f683-40d4-a38b-a22eb904e0ef",
              "parentUUID": "0fff7dd2-c667-4bb1-aa8b-1e30b5497b7c",
              "isHook": false,
              "skipped": false
            },
            {
              "title": "should return a status 200",
              "fullTitle": "BDD - AutoReportRunner Disabled should return a status 200",
              "timedOut": false,
              "duration": 0,
              "state": "passed",
              "speed": "fast",
              "pass": true,
              "fail": false,
              "pending": false,
              "context": null,
              "code": "this.spec.response().to.have.status(200);",
              "err": {},
              "uuid": "6feafc2b-649f-499d-a478-cdd74f63b31b",
              "parentUUID": "0fff7dd2-c667-4bb1-aa8b-1e30b5497b7c",
              "isHook": false,
              "skipped": false
            },
            {
              "title": "should not return an error",
              "fullTitle": "BDD - AutoReportRunner Disabled should not return an error",
              "timedOut": false,
              "duration": 2,
              "state": "passed",
              "speed": "fast",
              "pass": true,
              "fail": false,
              "pending": false,
              "context": null,
              "code": "let err;\ntry {\n  this.spec.response().should.have.error();\n} catch (error) {\n  err = error;\n}\nce(err).not.undefined;",
              "err": {},
              "uuid": "3517a7eb-62af-4a24-94e5-22ef0e375cbb",
              "parentUUID": "0fff7dd2-c667-4bb1-aa8b-1e30b5497b7c",
              "isHook": false,
              "skipped": false
            }
          ],
          "suites": [],
          "passes": [
            "d2a552dc-e0e6-4387-a158-3b44f0e15fff",
            "de01686f-f683-40d4-a38b-a22eb904e0ef",
            "6feafc2b-649f-499d-a478-cdd74f63b31b",
            "3517a7eb-62af-4a24-94e5-22ef0e375cbb"
          ],
          "failures": [],
          "pending": [],
          "skipped": [],
          "duration": 5,
          "root": false,
          "rootEmpty": false,
          "_timeout": 10000
        },
        {
          "uuid": "3c7c14e1-5583-448b-a63c-a51793f46bba",
          "title": "JSON Placeholder",
          "fullFile": "/Users/MU/Documents/jenkinsPractice-01/test/component/component.spec.js",
          "file": "/test/component/component.spec.js",
          "beforeHooks": [],
          "afterHooks": [],
          "tests": [
            {
              "title": "GET",
              "fullTitle": "JSON Placeholder GET",
              "timedOut": false,
              "duration": 0,
              "state": "pending",
              "speed": null,
              "pass": false,
              "fail": false,
              "pending": true,
              "context": null,
              "code": "",
              "err": {},
              "uuid": "be0bdd3d-8d89-4a12-b2ef-bdb4aa130f62",
              "parentUUID": "3c7c14e1-5583-448b-a63c-a51793f46bba",
              "isHook": false,
              "skipped": false
            },
            {
              "title": "GET - with query",
              "fullTitle": "JSON Placeholder GET - with query",
              "timedOut": false,
              "duration": 0,
              "state": "pending",
              "speed": null,
              "pass": false,
              "fail": false,
              "pending": true,
              "context": null,
              "code": "",
              "err": {},
              "uuid": "46e98c10-2c0d-409e-85ce-df30ad6e63cd",
              "parentUUID": "3c7c14e1-5583-448b-a63c-a51793f46bba",
              "isHook": false,
              "skipped": false
            },
            {
              "title": "GET - invalid post",
              "fullTitle": "JSON Placeholder GET - invalid post",
              "timedOut": false,
              "duration": 0,
              "state": "pending",
              "speed": null,
              "pass": false,
              "fail": false,
              "pending": true,
              "context": null,
              "code": "",
              "err": {},
              "uuid": "3e34000b-21b0-4040-b194-f48c3440b8ae",
              "parentUUID": "3c7c14e1-5583-448b-a63c-a51793f46bba",
              "isHook": false,
              "skipped": false
            },
            {
              "title": "POST",
              "fullTitle": "JSON Placeholder POST",
              "timedOut": false,
              "duration": 0,
              "state": "pending",
              "speed": null,
              "pass": false,
              "fail": false,
              "pending": true,
              "context": null,
              "code": "",
              "err": {},
              "uuid": "107b19f3-f07c-4dd4-a3e1-ae7a3b2f0c25",
              "parentUUID": "3c7c14e1-5583-448b-a63c-a51793f46bba",
              "isHook": false,
              "skipped": false
            },
            {
              "title": "POST - with headers",
              "fullTitle": "JSON Placeholder POST - with headers",
              "timedOut": false,
              "duration": 0,
              "state": "pending",
              "speed": null,
              "pass": false,
              "fail": false,
              "pending": true,
              "context": null,
              "code": "",
              "err": {},
              "uuid": "c6b7113a-9a26-4186-8991-ae4a2f7244a8",
              "parentUUID": "3c7c14e1-5583-448b-a63c-a51793f46bba",
              "isHook": false,
              "skipped": false
            },
            {
              "title": "POST - with body",
              "fullTitle": "JSON Placeholder POST - with body",
              "timedOut": false,
              "duration": 0,
              "state": "pending",
              "speed": null,
              "pass": false,
              "fail": false,
              "pending": true,
              "context": null,
              "code": "",
              "err": {},
              "uuid": "ca5db811-7f61-4993-aea7-9b51883ea84f",
              "parentUUID": "3c7c14e1-5583-448b-a63c-a51793f46bba",
              "isHook": false,
              "skipped": false
            },
            {
              "title": "PUT",
              "fullTitle": "JSON Placeholder PUT",
              "timedOut": false,
              "duration": 0,
              "state": "pending",
              "speed": null,
              "pass": false,
              "fail": false,
              "pending": true,
              "context": null,
              "code": "",
              "err": {},
              "uuid": "cd76a69f-0971-48dc-8b78-775a45f2a13c",
              "parentUUID": "3c7c14e1-5583-448b-a63c-a51793f46bba",
              "isHook": false,
              "skipped": false
            },
            {
              "title": "PATCH",
              "fullTitle": "JSON Placeholder PATCH",
              "timedOut": false,
              "duration": 0,
              "state": "pending",
              "speed": null,
              "pass": false,
              "fail": false,
              "pending": true,
              "context": null,
              "code": "",
              "err": {},
              "uuid": "f709d5f3-1366-408b-b2f0-113ca76b8803",
              "parentUUID": "3c7c14e1-5583-448b-a63c-a51793f46bba",
              "isHook": false,
              "skipped": false
            },
            {
              "title": "DELETE",
              "fullTitle": "JSON Placeholder DELETE",
              "timedOut": false,
              "duration": 0,
              "state": "pending",
              "speed": null,
              "pass": false,
              "fail": false,
              "pending": true,
              "context": null,
              "code": "",
              "err": {},
              "uuid": "518a4100-a14f-4a46-89bc-e498697e0d5a",
              "parentUUID": "3c7c14e1-5583-448b-a63c-a51793f46bba",
              "isHook": false,
              "skipped": false
            }
          ],
          "suites": [],
          "passes": [],
          "failures": [],
          "pending": [
            "be0bdd3d-8d89-4a12-b2ef-bdb4aa130f62",
            "46e98c10-2c0d-409e-85ce-df30ad6e63cd",
            "3e34000b-21b0-4040-b194-f48c3440b8ae",
            "107b19f3-f07c-4dd4-a3e1-ae7a3b2f0c25",
            "c6b7113a-9a26-4186-8991-ae4a2f7244a8",
            "ca5db811-7f61-4993-aea7-9b51883ea84f",
            "cd76a69f-0971-48dc-8b78-775a45f2a13c",
            "f709d5f3-1366-408b-b2f0-113ca76b8803",
            "518a4100-a14f-4a46-89bc-e498697e0d5a"
          ],
          "skipped": [],
          "duration": 0,
          "root": false,
          "rootEmpty": false,
          "_timeout": 10000
        },
        {
          "uuid": "558b6c96-f987-424f-8b1a-2a09b76ce794",
          "title": "HTTP Bin - Status",
          "fullFile": "/Users/MU/Documents/jenkinsPractice-01/test/component/component.spec.js",
          "file": "/test/component/component.spec.js",
          "beforeHooks": [],
          "afterHooks": [],
          "tests": [
            {
              "title": "should be ok",
              "fullTitle": "HTTP Bin - Status should be ok",
              "timedOut": false,
              "duration": 0,
              "state": "pending",
              "speed": null,
              "pass": false,
              "fail": false,
              "pending": true,
              "context": null,
              "code": "",
              "err": {},
              "uuid": "7a490cf0-9e1a-4aef-8a49-8cd4e722bbe7",
              "parentUUID": "558b6c96-f987-424f-8b1a-2a09b76ce794",
              "isHook": false,
              "skipped": false
            },
            {
              "title": "should be created",
              "fullTitle": "HTTP Bin - Status should be created",
              "timedOut": false,
              "duration": 0,
              "state": "pending",
              "speed": null,
              "pass": false,
              "fail": false,
              "pending": true,
              "context": null,
              "code": "",
              "err": {},
              "uuid": "26c92f03-9873-4a77-84be-230b4f1357ee",
              "parentUUID": "558b6c96-f987-424f-8b1a-2a09b76ce794",
              "isHook": false,
              "skipped": false
            },
            {
              "title": "should be no content",
              "fullTitle": "HTTP Bin - Status should be no content",
              "timedOut": false,
              "duration": 0,
              "state": "pending",
              "speed": null,
              "pass": false,
              "fail": false,
              "pending": true,
              "context": null,
              "code": "",
              "err": {},
              "uuid": "7c80dd2a-c384-405b-a2da-7a9f9b9ca68f",
              "parentUUID": "558b6c96-f987-424f-8b1a-2a09b76ce794",
              "isHook": false,
              "skipped": false
            },
            {
              "title": "should be not modified",
              "fullTitle": "HTTP Bin - Status should be not modified",
              "timedOut": false,
              "duration": 0,
              "state": "pending",
              "speed": null,
              "pass": false,
              "fail": false,
              "pending": true,
              "context": null,
              "code": "",
              "err": {},
              "uuid": "b3186b46-87f0-412b-a33f-85a68bd204ed",
              "parentUUID": "558b6c96-f987-424f-8b1a-2a09b76ce794",
              "isHook": false,
              "skipped": false
            },
            {
              "title": "should be a bad request",
              "fullTitle": "HTTP Bin - Status should be a bad request",
              "timedOut": false,
              "duration": 0,
              "state": "pending",
              "speed": null,
              "pass": false,
              "fail": false,
              "pending": true,
              "context": null,
              "code": "",
              "err": {},
              "uuid": "77ef9ce0-cadd-49aa-b9d0-7be5444b46d7",
              "parentUUID": "558b6c96-f987-424f-8b1a-2a09b76ce794",
              "isHook": false,
              "skipped": false
            },
            {
              "title": "should be unauthorized",
              "fullTitle": "HTTP Bin - Status should be unauthorized",
              "timedOut": false,
              "duration": 0,
              "state": "pending",
              "speed": null,
              "pass": false,
              "fail": false,
              "pending": true,
              "context": null,
              "code": "",
              "err": {},
              "uuid": "6406cbc9-4af2-42de-badd-37063e183800",
              "parentUUID": "558b6c96-f987-424f-8b1a-2a09b76ce794",
              "isHook": false,
              "skipped": false
            },
            {
              "title": "should be forbidden",
              "fullTitle": "HTTP Bin - Status should be forbidden",
              "timedOut": false,
              "duration": 0,
              "state": "pending",
              "speed": null,
              "pass": false,
              "fail": false,
              "pending": true,
              "context": null,
              "code": "",
              "err": {},
              "uuid": "02718370-2f7f-46f0-b77a-d4bca2993fac",
              "parentUUID": "558b6c96-f987-424f-8b1a-2a09b76ce794",
              "isHook": false,
              "skipped": false
            },
            {
              "title": "should be not found",
              "fullTitle": "HTTP Bin - Status should be not found",
              "timedOut": false,
              "duration": 0,
              "state": "pending",
              "speed": null,
              "pass": false,
              "fail": false,
              "pending": true,
              "context": null,
              "code": "",
              "err": {},
              "uuid": "c3b5832d-eb7b-4e20-8bd6-5e7a002f463c",
              "parentUUID": "558b6c96-f987-424f-8b1a-2a09b76ce794",
              "isHook": false,
              "skipped": false
            },
            {
              "title": "should be conflict",
              "fullTitle": "HTTP Bin - Status should be conflict",
              "timedOut": false,
              "duration": 0,
              "state": "pending",
              "speed": null,
              "pass": false,
              "fail": false,
              "pending": true,
              "context": null,
              "code": "",
              "err": {},
              "uuid": "ed03a268-8418-4627-88fd-02503def89c1",
              "parentUUID": "558b6c96-f987-424f-8b1a-2a09b76ce794",
              "isHook": false,
              "skipped": false
            },
            {
              "title": "should be a teapot",
              "fullTitle": "HTTP Bin - Status should be a teapot",
              "timedOut": false,
              "duration": 0,
              "state": "pending",
              "speed": null,
              "pass": false,
              "fail": false,
              "pending": true,
              "context": null,
              "code": "",
              "err": {},
              "uuid": "6c4fcdd0-cd3e-4fd1-bc4e-ec66c46e8a33",
              "parentUUID": "558b6c96-f987-424f-8b1a-2a09b76ce794",
              "isHook": false,
              "skipped": false
            },
            {
              "title": "should be internal system error",
              "fullTitle": "HTTP Bin - Status should be internal system error",
              "timedOut": false,
              "duration": 0,
              "state": "pending",
              "speed": null,
              "pass": false,
              "fail": false,
              "pending": true,
              "context": null,
              "code": "",
              "err": {},
              "uuid": "6596e596-e6b0-4fb3-8f9f-f8e07de85c86",
              "parentUUID": "558b6c96-f987-424f-8b1a-2a09b76ce794",
              "isHook": false,
              "skipped": false
            }
          ],
          "suites": [],
          "passes": [],
          "failures": [],
          "pending": [
            "7a490cf0-9e1a-4aef-8a49-8cd4e722bbe7",
            "26c92f03-9873-4a77-84be-230b4f1357ee",
            "7c80dd2a-c384-405b-a2da-7a9f9b9ca68f",
            "b3186b46-87f0-412b-a33f-85a68bd204ed",
            "77ef9ce0-cadd-49aa-b9d0-7be5444b46d7",
            "6406cbc9-4af2-42de-badd-37063e183800",
            "02718370-2f7f-46f0-b77a-d4bca2993fac",
            "c3b5832d-eb7b-4e20-8bd6-5e7a002f463c",
            "ed03a268-8418-4627-88fd-02503def89c1",
            "6c4fcdd0-cd3e-4fd1-bc4e-ec66c46e8a33",
            "6596e596-e6b0-4fb3-8f9f-f8e07de85c86"
          ],
          "skipped": [],
          "duration": 0,
          "root": false,
          "rootEmpty": false,
          "_timeout": 10000
        },
        {
          "uuid": "7a546f00-840e-4290-aafe-05cc43be6e1b",
          "title": "HTTP Bin - Responses",
          "fullFile": "/Users/MU/Documents/jenkinsPractice-01/test/component/component.spec.js",
          "file": "/test/component/component.spec.js",
          "beforeHooks": [],
          "afterHooks": [],
          "tests": [
            {
              "title": "should be deny",
              "fullTitle": "HTTP Bin - Responses should be deny",
              "timedOut": false,
              "duration": 0,
              "state": "pending",
              "speed": null,
              "pass": false,
              "fail": false,
              "pending": true,
              "context": null,
              "code": "",
              "err": {},
              "uuid": "eb9c59cd-4235-40da-b451-c4db95ef01af",
              "parentUUID": "7a546f00-840e-4290-aafe-05cc43be6e1b",
              "isHook": false,
              "skipped": false
            },
            {
              "title": "should be deny",
              "fullTitle": "HTTP Bin - Responses should be deny",
              "timedOut": false,
              "duration": 0,
              "state": "pending",
              "speed": null,
              "pass": false,
              "fail": false,
              "pending": true,
              "context": null,
              "code": "",
              "err": {},
              "uuid": "093a9194-cb47-4cab-be4a-f1ec5deba64e",
              "parentUUID": "7a546f00-840e-4290-aafe-05cc43be6e1b",
              "isHook": false,
              "skipped": false
            }
          ],
          "suites": [],
          "passes": [],
          "failures": [],
          "pending": [
            "eb9c59cd-4235-40da-b451-c4db95ef01af",
            "093a9194-cb47-4cab-be4a-f1ec5deba64e"
          ],
          "skipped": [],
          "duration": 0,
          "root": false,
          "rootEmpty": false,
          "_timeout": 10000
        },
        {
          "uuid": "184260f6-2f68-43e2-ba39-a4cebfa64534",
          "title": "Cookies",
          "fullFile": "/Users/MU/Documents/jenkinsPractice-01/test/component/cookies.spec.js",
          "file": "/test/component/cookies.spec.js",
          "beforeHooks": [],
          "afterHooks": [],
          "tests": [
            {
              "title": "sending cookies as key-value pair",
              "fullTitle": "Cookies sending cookies as key-value pair",
              "timedOut": false,
              "duration": 4,
              "state": "passed",
              "speed": "fast",
              "pass": true,
              "fail": false,
              "pending": false,
              "context": null,
              "code": "await pactum\n  .spec()\n  .useInteraction({\n    request: {\n      method: 'GET',\n      path: '/api/army',\n      headers: {\n        cookie: 'name=snow'\n      }\n    },\n    response: {\n      status: 200,\n      headers: {\n        'set-cookie': 'name=snow',\n      },\n      body: {\n        Name: 'Golden Army',\n        Count: 10000,\n        Alliance: 'Stark',\n      },\n    },\n  })\n  .get('http://localhost:9393/api/army')\n  .withCookies('name', 'snow')\n  .expectStatus(200)\n  .expectCookiesLike('name', 'snow');",
              "err": {},
              "uuid": "bcc7dd6d-c48a-4c1e-bc0c-b62d4066b5dc",
              "parentUUID": "184260f6-2f68-43e2-ba39-a4cebfa64534",
              "isHook": false,
              "skipped": false
            },
            {
              "title": "sending cookies as string",
              "fullTitle": "Cookies sending cookies as string",
              "timedOut": false,
              "duration": 4,
              "state": "passed",
              "speed": "fast",
              "pass": true,
              "fail": false,
              "pending": false,
              "context": null,
              "code": "await pactum\n  .spec()\n  .useInteraction({\n    request: {\n      method: 'GET',\n      path: '/api/army',\n      headers: {\n        cookie: 'name=snow'\n      }\n    },\n    response: {\n      status: 200,\n      headers: {\n        'set-cookie': 'name=snow',\n      },\n      body: {\n        Name: 'Golden Army',\n        Count: 10000,\n        Alliance: 'Stark',\n      },\n    },\n  })\n  .get('http://localhost:9393/api/army')\n  .withCookies('name=snow')\n  .expectStatus(200)\n  .expectCookies('name=snow');",
              "err": {},
              "uuid": "9d3416df-15f6-4592-8a28-af2a4f78e37f",
              "parentUUID": "184260f6-2f68-43e2-ba39-a4cebfa64534",
              "isHook": false,
              "skipped": false
            },
            {
              "title": "sending cookies as object",
              "fullTitle": "Cookies sending cookies as object",
              "timedOut": false,
              "duration": 3,
              "state": "passed",
              "speed": "fast",
              "pass": true,
              "fail": false,
              "pending": false,
              "context": null,
              "code": "await pactum\n  .spec()\n  .useInteraction({\n    request: {\n      method: 'GET',\n      path: '/api/army',\n      headers: {\n        cookie: 'name=snow'\n      }\n    },\n    response: {\n      status: 200,\n      headers: {\n        'set-cookie': 'name=snow',\n      },\n      body: {\n        Name: 'Golden Army',\n        Count: 10000,\n        Alliance: 'Stark',\n      },\n    },\n  })\n  .get('http://localhost:9393/api/army')\n  .withCookies({ name: 'snow' })\n  .expectStatus(200)\n  .expectCookies({ name: 'snow' });",
              "err": {},
              "uuid": "6fa6e1e5-6fe0-4886-8626-2736827263bb",
              "parentUUID": "184260f6-2f68-43e2-ba39-a4cebfa64534",
              "isHook": false,
              "skipped": false
            },
            {
              "title": "sending multiple cookies & assert multiple cookies",
              "fullTitle": "Cookies sending multiple cookies & assert multiple cookies",
              "timedOut": false,
              "duration": 4,
              "state": "passed",
              "speed": "fast",
              "pass": true,
              "fail": false,
              "pending": false,
              "context": null,
              "code": "await pactum\n  .spec()\n  .useInteraction({\n    request: {\n      method: 'GET',\n      path: '/api/army',\n      headers: {\n        cookie: 'name=snow;httpOnly;foo=bar;bro'\n      }\n    },\n    response: {\n      status: 200,\n      headers: {\n        'set-cookie': 'name=snow;httpOnly;foo=bar',\n      },\n      body: {\n        Name: 'Golden Army',\n        Count: 10000,\n        Alliance: 'Stark',\n      },\n    },\n  })\n  .get('http://localhost:9393/api/army')\n  .withCookies({ name: 'snow', httpOnly: null })\n  .withCookies('foo', 'bar')\n  .withCookies('bro')\n  .expectStatus(200)\n  .expectCookiesLike('name', 'snow')\n  .expectCookiesLike('httpOnly')\n  .expectCookiesLike('foo', 'bar')\n  .expectCookies('foo=bar;name=snow;httpOnly');",
              "err": {},
              "uuid": "f4c64989-6cd9-4120-842d-b735da90a24e",
              "parentUUID": "184260f6-2f68-43e2-ba39-a4cebfa64534",
              "isHook": false,
              "skipped": false
            },
            {
              "title": "set-cookie key not found in response - expectCookie",
              "fullTitle": "Cookies set-cookie key not found in response - expectCookie",
              "timedOut": false,
              "duration": 4,
              "state": "passed",
              "speed": "fast",
              "pass": true,
              "fail": false,
              "pending": false,
              "context": null,
              "code": "let err;\ntry {\n  await pactum\n    .spec()\n    .useInteraction({\n      request: {\n        method: 'GET',\n        path: '/api/army'\n      },\n      response: {\n        status: 200\n      },\n    })\n    .get('http://localhost:9393/api/army')\n    .expectStatus(200)\n    .expectCookiesLike('name', 'snow');\n} catch (error) {\n  err = error;\n}\nexpect(err.message).equals(`'set-cookie' key not found in response headers`);",
              "err": {},
              "uuid": "96562f99-f24e-4774-b996-ca2d25ab3ce1",
              "parentUUID": "184260f6-2f68-43e2-ba39-a4cebfa64534",
              "isHook": false,
              "skipped": false
            },
            {
              "title": "set-cookie key not found in response - expectCookies",
              "fullTitle": "Cookies set-cookie key not found in response - expectCookies",
              "timedOut": false,
              "duration": 4,
              "state": "passed",
              "speed": "fast",
              "pass": true,
              "fail": false,
              "pending": false,
              "context": null,
              "code": "let err;\ntry {\n  await pactum\n    .spec()\n    .useInteraction({\n      request: {\n        method: 'GET',\n        path: '/api/army'\n      },\n      response: {\n        status: 200\n      },\n    })\n    .get('http://localhost:9393/api/army')\n    .expectStatus(200)\n    .expectCookies('name', 'snow');\n} catch (error) {\n  err = error;\n}\nexpect(err.message).equals(`'set-cookie' key not found in response headers`);",
              "err": {},
              "uuid": "fd2bce50-429e-4c40-a940-ac08df557e78",
              "parentUUID": "184260f6-2f68-43e2-ba39-a4cebfa64534",
              "isHook": false,
              "skipped": false
            },
            {
              "title": "expected cookie not found in response - expectCookie",
              "fullTitle": "Cookies expected cookie not found in response - expectCookie",
              "timedOut": false,
              "duration": 6,
              "state": "passed",
              "speed": "fast",
              "pass": true,
              "fail": false,
              "pending": false,
              "context": null,
              "code": "let err;\ntry {\n  await pactum\n    .spec()\n    .useInteraction({\n      request: {\n        method: 'GET',\n        path: '/api/army'\n      },\n      response: {\n        status: 200,\n        headers: {\n          'set-cookie': 'httpOnly'\n        }\n      },\n    })\n    .get('http://localhost:9393/api/army')\n    .expectStatus(200)\n    .expectCookiesLike('name', 'snow');\n} catch (error) {\n  err = error;\n}\nexpect(err.message).equals(`Cookie doesn't have property 'name' at '$'`);",
              "err": {},
              "uuid": "94f55956-34b2-4d0a-98f6-fb30b94d957e",
              "parentUUID": "184260f6-2f68-43e2-ba39-a4cebfa64534",
              "isHook": false,
              "skipped": false
            },
            {
              "title": "expected cookie not found in response - expectCookies",
              "fullTitle": "Cookies expected cookie not found in response - expectCookies",
              "timedOut": false,
              "duration": 10,
              "state": "passed",
              "speed": "fast",
              "pass": true,
              "fail": false,
              "pending": false,
              "context": null,
              "code": "let err;\ntry {\n  await pactum\n    .spec()\n    .useInteraction({\n      request: {\n        method: 'GET',\n        path: '/api/army'\n      },\n      response: {\n        status: 200,\n        headers: {\n          'set-cookie': 'httpOnly;name=snow'\n        }\n      },\n    })\n    .get('http://localhost:9393/api/army')\n    .expectStatus(200)\n    .expectCookies('name', 'snow');\n} catch (error) {\n  err = error;\n}\nexpect(err.message).not.undefined;",
              "err": {},
              "uuid": "cfe6aafa-0f3a-4a8f-8ce6-9e7e783c9c3d",
              "parentUUID": "184260f6-2f68-43e2-ba39-a4cebfa64534",
              "isHook": false,
              "skipped": false
            }
          ],
          "suites": [],
          "passes": [
            "bcc7dd6d-c48a-4c1e-bc0c-b62d4066b5dc",
            "9d3416df-15f6-4592-8a28-af2a4f78e37f",
            "6fa6e1e5-6fe0-4886-8626-2736827263bb",
            "f4c64989-6cd9-4120-842d-b735da90a24e",
            "96562f99-f24e-4774-b996-ca2d25ab3ce1",
            "fd2bce50-429e-4c40-a940-ac08df557e78",
            "94f55956-34b2-4d0a-98f6-fb30b94d957e",
            "cfe6aafa-0f3a-4a8f-8ce6-9e7e783c9c3d"
          ],
          "failures": [],
          "pending": [],
          "skipped": [],
          "duration": 39,
          "root": false,
          "rootEmpty": false,
          "_timeout": 10000
        },
        {
          "uuid": "d1086ea4-f8d4-4eec-b533-84ae85cb5141",
          "title": "Mock - Default Mock Interaction",
          "fullFile": "/Users/MU/Documents/jenkinsPractice-01/test/component/default.spec.js",
          "file": "/test/component/default.spec.js",
          "beforeHooks": [
            {
              "title": "\"before all\" hook in \"Mock - Default Mock Interaction\"",
              "fullTitle": "Mock - Default Mock Interaction \"before all\" hook in \"Mock - Default Mock Interaction\"",
              "timedOut": false,
              "duration": 0,
              "state": null,
              "speed": null,
              "pass": false,
              "fail": false,
              "pending": false,
              "context": null,
              "code": "mock.addInteraction({\n  id: 'GET_FIRST_PROJECT',\n  request: {\n    method: 'GET',\n    path: '/api/projects/1'\n  },\n  response: {\n    status: 200,\n    headers: {\n      'content-type': 'application/json'\n    },\n    body: {\n      id: 1,\n      name: 'fake'\n    }\n  }\n});\nmock.addInteraction({\n  request: {\n    method: 'GET',\n    path: '/api/projects/2',\n    queryParams: {\n      id: 2,\n      name: 'fake'\n    }\n  },\n  response: {\n    status: 200,\n    headers: {\n      'content-type': 'application/json'\n    },\n    body: {\n      id: 1,\n      name: 'bake'\n    }\n  }\n});\nmock.addInteraction({\n  strict: false,\n  request: {\n    method: 'POST',\n    path: '/api/projects'\n  },\n  response: {\n    status: 200,\n    headers: {\n      'content-type': 'application/json'\n    },\n    body: {\n      message: 'ok'\n    }\n  }\n});",
              "err": {},
              "uuid": "c1a10b0e-382f-453f-8411-0d9d40c5ab45",
              "parentUUID": "d1086ea4-f8d4-4eec-b533-84ae85cb5141",
              "isHook": true,
              "skipped": false
            }
          ],
          "afterHooks": [
            {
              "title": "\"after all\" hook in \"Mock - Default Mock Interaction\"",
              "fullTitle": "Mock - Default Mock Interaction \"after all\" hook in \"Mock - Default Mock Interaction\"",
              "timedOut": false,
              "duration": 0,
              "state": null,
              "speed": null,
              "pass": false,
              "fail": false,
              "pending": false,
              "context": null,
              "code": "mock.clearInteractions();",
              "err": {},
              "uuid": "ce1b3d05-13ba-4c16-b8ca-7f9ca4cd1d63",
              "parentUUID": "d1086ea4-f8d4-4eec-b533-84ae85cb5141",
              "isHook": true,
              "skipped": false
            }
          ],
          "tests": [
            {
              "title": "GET - one interaction",
              "fullTitle": "Mock - Default Mock Interaction GET - one interaction",
              "timedOut": false,
              "duration": 7,
              "state": "passed",
              "speed": "fast",
              "pass": true,
              "fail": false,
              "pending": false,
              "context": null,
              "code": "expect(mock.getInteraction('GET_FIRST_PROJECT').callCount).equals(0, 'interaction should not be called');\nexpect(mock.getInteraction('GET_FIRST_PROJECT').exercised).equals(false, 'interaction should not be exercised');\nawait pactum.spec()\n  .get('http://localhost:9393/api/projects/1')\n  .expectStatus(200)\n  .expectJsonLike({\n    id: 1,\n    name: 'fake'\n  });\nexpect(mock.getInteraction('GET_FIRST_PROJECT').callCount).equals(1, 'interaction should be called once');\nexpect(mock.getInteraction('GET_FIRST_PROJECT').exercised).equals(true, 'interaction should be exercised');\nawait pactum.spec()\n  .get('http://localhost:9393/api/projects/1')\n  .expectStatus(200);\nexpect(mock.getInteraction('GET_FIRST_PROJECT').callCount).equals(2, 'interaction should be called twice');\nexpect(mock.getInteraction('GET_FIRST_PROJECT').exercised).equals(true, 'interaction should be exercised');",
              "err": {},
              "uuid": "2656f002-a7fe-4821-a981-c94fabb92329",
              "parentUUID": "d1086ea4-f8d4-4eec-b533-84ae85cb5141",
              "isHook": false,
              "skipped": false
            },
            {
              "title": "GET - one interaction - with multiple queries",
              "fullTitle": "Mock - Default Mock Interaction GET - one interaction - with multiple queries",
              "timedOut": false,
              "duration": 5,
              "state": "passed",
              "speed": "fast",
              "pass": true,
              "fail": false,
              "pending": false,
              "context": null,
              "code": "await pactum.spec()\n  .get('http://localhost:9393/api/projects/2')\n  .withQueryParams('id', 2)\n  .withQueryParams('name', 'fake')\n  .expectStatus(200)\n  .expectJsonLike({\n    id: 1,\n    name: 'bake'\n  })\n  .toss();",
              "err": {},
              "uuid": "5cdea2a3-5843-4fe1-9de0-f6f79e600f86",
              "parentUUID": "d1086ea4-f8d4-4eec-b533-84ae85cb5141",
              "isHook": false,
              "skipped": false
            },
            {
              "title": "POST - one interaction - with ignore body",
              "fullTitle": "Mock - Default Mock Interaction POST - one interaction - with ignore body",
              "timedOut": false,
              "duration": 3,
              "state": "passed",
              "speed": "fast",
              "pass": true,
              "fail": false,
              "pending": false,
              "context": null,
              "code": "await pactum.spec()\n  .post('http://localhost:9393/api/projects')\n  .withJson({\n    id: 1,\n    title: 'new fake'\n  })\n  .expectStatus(200)\n  .expectJson({\n    message: 'ok'\n  })\n  .toss();",
              "err": {},
              "uuid": "7b65fda4-3215-41f7-ad9a-b2c7c22afc85",
              "parentUUID": "d1086ea4-f8d4-4eec-b533-84ae85cb5141",
              "isHook": false,
              "skipped": false
            },
            {
              "title": "GET - one interaction - overwrite default",
              "fullTitle": "Mock - Default Mock Interaction GET - one interaction - overwrite default",
              "timedOut": false,
              "duration": 3,
              "state": "passed",
              "speed": "fast",
              "pass": true,
              "fail": false,
              "pending": false,
              "context": null,
              "code": "await pactum.spec()\n  .useInteraction({\n    request: {\n      method: 'GET',\n      path: '/api/projects/1'\n    },\n    response: {\n      status: 200,\n      headers: {\n        'content-type': 'application/json'\n      },\n      body: {\n        id: 3,\n        name: 'overwrite'\n      }\n    }\n  })\n  .get('http://localhost:9393/api/projects/1')\n  .expectStatus(200)\n  .expectJsonLike({\n    id: 3,\n    name: 'overwrite'\n  })\n  .toss();",
              "err": {},
              "uuid": "0f1705f8-02dc-4614-a2b8-ef303ecbf178",
              "parentUUID": "d1086ea4-f8d4-4eec-b533-84ae85cb5141",
              "isHook": false,
              "skipped": false
            },
            {
              "title": "GET - one interaction - get default interaction",
              "fullTitle": "Mock - Default Mock Interaction GET - one interaction - get default interaction",
              "timedOut": false,
              "duration": 3,
              "state": "passed",
              "speed": "fast",
              "pass": true,
              "fail": false,
              "pending": false,
              "context": null,
              "code": "await pactum.spec()\n  .get('http://localhost:9393/api/projects/1')\n  .expectStatus(200)\n  .expectJsonLike({\n    id: 1,\n    name: 'fake'\n  })\n  .toss();",
              "err": {},
              "uuid": "c6786e38-9fe0-4a15-ac44-b8490b8897ed",
              "parentUUID": "d1086ea4-f8d4-4eec-b533-84ae85cb5141",
              "isHook": false,
              "skipped": false
            }
          ],
          "suites": [],
          "passes": [
            "2656f002-a7fe-4821-a981-c94fabb92329",
            "5cdea2a3-5843-4fe1-9de0-f6f79e600f86",
            "7b65fda4-3215-41f7-ad9a-b2c7c22afc85",
            "0f1705f8-02dc-4614-a2b8-ef303ecbf178",
            "c6786e38-9fe0-4a15-ac44-b8490b8897ed"
          ],
          "failures": [],
          "pending": [],
          "skipped": [],
          "duration": 21,
          "root": false,
          "rootEmpty": false,
          "_timeout": 10000
        },
        {
          "uuid": "70e6e32a-258f-4d49-b284-44e331ed86b9",
          "title": "Mock - Default Mock Interactions",
          "fullFile": "/Users/MU/Documents/jenkinsPractice-01/test/component/default.spec.js",
          "file": "/test/component/default.spec.js",
          "beforeHooks": [
            {
              "title": "\"before all\" hook in \"Mock - Default Mock Interactions\"",
              "fullTitle": "Mock - Default Mock Interactions \"before all\" hook in \"Mock - Default Mock Interactions\"",
              "timedOut": false,
              "duration": 0,
              "state": null,
              "speed": null,
              "pass": false,
              "fail": false,
              "pending": false,
              "context": null,
              "code": "mock.addInteraction([\n  {\n    request: {\n      method: 'GET',\n      path: '/api/projects/1'\n    },\n    response: {\n      status: 200,\n      headers: {\n        'content-type': 'application/json'\n      },\n      body: {\n        id: 1,\n        name: 'fake'\n      }\n    }\n  }\n]);\nmock.addInteraction([{\n  request: {\n    method: 'GET',\n    path: '/api/projects/1',\n    queryParams: {\n      id: 1,\n      name: 'fake'\n    }\n  },\n  response: {\n    status: 200,\n    headers: {\n      'content-type': 'application/json'\n    },\n    body: {\n      id: 1,\n      name: 'bake'\n    }\n  }\n}]);\nmock.addInteraction([{\n  strict: false,\n  request: {\n    method: 'POST',\n    path: '/api/projects'\n  },\n  response: {\n    status: 200,\n    headers: {\n      'content-type': 'application/json'\n    },\n    body: {\n      message: 'ok'\n    }\n  }\n}]);",
              "err": {},
              "uuid": "a8a3f5de-5ecf-4b6f-8476-225478b76394",
              "parentUUID": "70e6e32a-258f-4d49-b284-44e331ed86b9",
              "isHook": true,
              "skipped": false
            }
          ],
          "afterHooks": [
            {
              "title": "\"after all\" hook in \"Mock - Default Mock Interactions\"",
              "fullTitle": "Mock - Default Mock Interactions \"after all\" hook in \"Mock - Default Mock Interactions\"",
              "timedOut": false,
              "duration": 0,
              "state": null,
              "speed": null,
              "pass": false,
              "fail": false,
              "pending": false,
              "context": null,
              "code": "mock.clearInteractions();",
              "err": {},
              "uuid": "f94d94c4-254c-4b5a-8976-d2cf1a5ef4c2",
              "parentUUID": "70e6e32a-258f-4d49-b284-44e331ed86b9",
              "isHook": true,
              "skipped": false
            }
          ],
          "tests": [
            {
              "title": "GET - one interaction",
              "fullTitle": "Mock - Default Mock Interactions GET - one interaction",
              "timedOut": false,
              "duration": 3,
              "state": "passed",
              "speed": "fast",
              "pass": true,
              "fail": false,
              "pending": false,
              "context": null,
              "code": "await pactum.spec()\n  .get('http://localhost:9393/api/projects/1')\n  .expectStatus(200)\n  .expectJsonLike({\n    id: 1,\n    name: 'fake'\n  })\n  .toss();",
              "err": {},
              "uuid": "84270062-8c6b-4921-9bea-8ac8967cd69f",
              "parentUUID": "70e6e32a-258f-4d49-b284-44e331ed86b9",
              "isHook": false,
              "skipped": false
            },
            {
              "title": "GET - one interaction - with multiple queries",
              "fullTitle": "Mock - Default Mock Interactions GET - one interaction - with multiple queries",
              "timedOut": false,
              "duration": 3,
              "state": "passed",
              "speed": "fast",
              "pass": true,
              "fail": false,
              "pending": false,
              "context": null,
              "code": "await pactum.spec()\n  .get('http://localhost:9393/api/projects/1')\n  .withQueryParams('id', 1)\n  .withQueryParams('name', 'fake')\n  .expectStatus(200)\n  .expectJsonLike({\n    id: 1,\n    name: 'bake'\n  })\n  .toss();",
              "err": {},
              "uuid": "70137919-71bb-42ec-afb2-3225c18c78e2",
              "parentUUID": "70e6e32a-258f-4d49-b284-44e331ed86b9",
              "isHook": false,
              "skipped": false
            },
            {
              "title": "POST - one interaction - with ignore body",
              "fullTitle": "Mock - Default Mock Interactions POST - one interaction - with ignore body",
              "timedOut": false,
              "duration": 6,
              "state": "passed",
              "speed": "fast",
              "pass": true,
              "fail": false,
              "pending": false,
              "context": null,
              "code": "await pactum.spec()\n  .post('http://localhost:9393/api/projects')\n  .withJson({\n    id: 1,\n    title: 'new fake'\n  })\n  .expectStatus(200)\n  .expectJson({\n    message: 'ok'\n  })\n  .toss();",
              "err": {},
              "uuid": "6bdd2bdd-c8b8-4d4a-a9a7-afda52c27d3d",
              "parentUUID": "70e6e32a-258f-4d49-b284-44e331ed86b9",
              "isHook": false,
              "skipped": false
            }
          ],
          "suites": [],
          "passes": [
            "84270062-8c6b-4921-9bea-8ac8967cd69f",
            "70137919-71bb-42ec-afb2-3225c18c78e2",
            "6bdd2bdd-c8b8-4d4a-a9a7-afda52c27d3d"
          ],
          "failures": [],
          "pending": [],
          "skipped": [],
          "duration": 12,
          "root": false,
          "rootEmpty": false,
          "_timeout": 10000
        },
        {
          "uuid": "00cde787-9b3f-49fc-8e90-e434364d40dc",
          "title": "Mock - Defaults",
          "fullFile": "/Users/MU/Documents/jenkinsPractice-01/test/component/default.spec.js",
          "file": "/test/component/default.spec.js",
          "beforeHooks": [],
          "afterHooks": [
            {
              "title": "\"after each\" hook in \"Mock - Defaults\"",
              "fullTitle": "Mock - Defaults \"after each\" hook in \"Mock - Defaults\"",
              "timedOut": false,
              "duration": 0,
              "state": null,
              "speed": null,
              "pass": false,
              "fail": false,
              "pending": false,
              "context": null,
              "code": "pactum.request.setBaseUrl('');\npactum.request.setDefaultTimeout(3000);\nconfig.request.headers = {};",
              "err": {},
              "uuid": "7e19fc4c-838f-40a0-b434-b8b66aa43012",
              "parentUUID": "00cde787-9b3f-49fc-8e90-e434364d40dc",
              "isHook": true,
              "skipped": false
            }
          ],
          "tests": [
            {
              "title": "request - setBaseUrl",
              "fullTitle": "Mock - Defaults request - setBaseUrl",
              "timedOut": false,
              "duration": 4,
              "state": "passed",
              "speed": "fast",
              "pass": true,
              "fail": false,
              "pending": false,
              "context": null,
              "code": "pactum.request.setBaseUrl('http://localhost:9393');\nawait pactum.spec()\n  .get('/api')\n  .expectStatus(404);",
              "err": {},
              "uuid": "5d82ff85-c015-4341-b3a4-0d8baf0b2ea7",
              "parentUUID": "00cde787-9b3f-49fc-8e90-e434364d40dc",
              "isHook": false,
              "skipped": false
            },
            {
              "title": "request - setDefaultTimeout",
              "fullTitle": "Mock - Defaults request - setDefaultTimeout",
              "timedOut": false,
              "duration": 3,
              "state": "passed",
              "speed": "fast",
              "pass": true,
              "fail": false,
              "pending": false,
              "context": null,
              "code": "pactum.request.setDefaultTimeout(2000);\nawait pactum.spec()\n  .get('http://localhost:9393/api')\n  .expectStatus(404);",
              "err": {},
              "uuid": "0e3ccb7a-db46-420d-abec-399c0bfc52e2",
              "parentUUID": "00cde787-9b3f-49fc-8e90-e434364d40dc",
              "isHook": false,
              "skipped": false
            },
            {
              "title": "request - setDefaultHeader",
              "fullTitle": "Mock - Defaults request - setDefaultHeader",
              "timedOut": false,
              "duration": 3,
              "state": "passed",
              "speed": "fast",
              "pass": true,
              "fail": false,
              "pending": false,
              "context": null,
              "code": "pactum.request.setDefaultHeaders('content-type', 'application/json');\nawait pactum.spec()\n  .get('http://localhost:9393/api')\n  .expectStatus(404);",
              "err": {},
              "uuid": "29cd7d6d-6aee-4e81-a666-a17ce8dd64b0",
              "parentUUID": "00cde787-9b3f-49fc-8e90-e434364d40dc",
              "isHook": false,
              "skipped": false
            },
            {
              "title": "settings - setLogLevel",
              "fullTitle": "Mock - Defaults settings - setLogLevel",
              "timedOut": false,
              "duration": 3,
              "state": "passed",
              "speed": "fast",
              "pass": true,
              "fail": false,
              "pending": false,
              "context": null,
              "code": "pactum.settings.setLogLevel('INFO');\nawait pactum.spec()\n  .get('http://localhost:9393/api')\n  .expectStatus(404);",
              "err": {},
              "uuid": "8e3df264-4026-465a-9dd0-fbb2b0711033",
              "parentUUID": "00cde787-9b3f-49fc-8e90-e434364d40dc",
              "isHook": false,
              "skipped": false
            }
          ],
          "suites": [],
          "passes": [
            "5d82ff85-c015-4341-b3a4-0d8baf0b2ea7",
            "0e3ccb7a-db46-420d-abec-399c0bfc52e2",
            "29cd7d6d-6aee-4e81-a666-a17ce8dd64b0",
            "8e3df264-4026-465a-9dd0-fbb2b0711033"
          ],
          "failures": [],
          "pending": [],
          "skipped": [],
          "duration": 13,
          "root": false,
          "rootEmpty": false,
          "_timeout": 10000
        },
        {
          "uuid": "a6e9d4ae-8c91-4428-bd49-98614654da04",
          "title": "OnCall - Mock Interactions",
          "fullFile": "/Users/MU/Documents/jenkinsPractice-01/test/component/default.spec.js",
          "file": "/test/component/default.spec.js",
          "beforeHooks": [
            {
              "title": "\"before all\" hook in \"OnCall - Mock Interactions\"",
              "fullTitle": "OnCall - Mock Interactions \"before all\" hook in \"OnCall - Mock Interactions\"",
              "timedOut": false,
              "duration": 1,
              "state": null,
              "speed": null,
              "pass": false,
              "fail": false,
              "pending": false,
              "context": null,
              "code": "mock.addInteraction({\n  request: {\n    method: 'GET',\n    path: '/api/projects/1'\n  },\n  response: {\n    status: 204,\n    onCall: {\n      0: {\n        status: 200\n      },\n      \"1\": {\n        status: 201\n      },\n      2: {\n        status: 202\n      },\n      5: {\n        status: 500\n      }\n    }\n  }\n});",
              "err": {},
              "uuid": "310a98b4-4cb5-4378-aa54-19ced88ae87d",
              "parentUUID": "a6e9d4ae-8c91-4428-bd49-98614654da04",
              "isHook": true,
              "skipped": false
            }
          ],
          "afterHooks": [],
          "tests": [
            {
              "title": "GET - Call - 0",
              "fullTitle": "OnCall - Mock Interactions GET - Call - 0",
              "timedOut": false,
              "duration": 3,
              "state": "passed",
              "speed": "fast",
              "pass": true,
              "fail": false,
              "pending": false,
              "context": null,
              "code": "await pactum.spec()\n  .get('http://localhost:9393/api/projects/1')\n  .expectStatus(200)\n  .toss();",
              "err": {},
              "uuid": "cd34f45c-e949-4d80-aa56-05760e39ff21",
              "parentUUID": "a6e9d4ae-8c91-4428-bd49-98614654da04",
              "isHook": false,
              "skipped": false
            },
            {
              "title": "GET - Call - 1",
              "fullTitle": "OnCall - Mock Interactions GET - Call - 1",
              "timedOut": false,
              "duration": 5,
              "state": "passed",
              "speed": "fast",
              "pass": true,
              "fail": false,
              "pending": false,
              "context": null,
              "code": "await pactum.spec()\n  .get('http://localhost:9393/api/projects/1')\n  .expectStatus(201)\n  .toss();",
              "err": {},
              "uuid": "4e2f02e1-54d3-45d7-992d-dbe8f7a7860b",
              "parentUUID": "a6e9d4ae-8c91-4428-bd49-98614654da04",
              "isHook": false,
              "skipped": false
            },
            {
              "title": "GET - Call - 2",
              "fullTitle": "OnCall - Mock Interactions GET - Call - 2",
              "timedOut": false,
              "duration": 3,
              "state": "passed",
              "speed": "fast",
              "pass": true,
              "fail": false,
              "pending": false,
              "context": null,
              "code": "await pactum.spec()\n  .get('http://localhost:9393/api/projects/1')\n  .expectStatus(202)\n  .toss();",
              "err": {},
              "uuid": "e64ddd1e-ea83-477c-aa15-99bdcd99ed87",
              "parentUUID": "a6e9d4ae-8c91-4428-bd49-98614654da04",
              "isHook": false,
              "skipped": false
            },
            {
              "title": "GET - Call - 3",
              "fullTitle": "OnCall - Mock Interactions GET - Call - 3",
              "timedOut": false,
              "duration": 7,
              "state": "passed",
              "speed": "fast",
              "pass": true,
              "fail": false,
              "pending": false,
              "context": null,
              "code": "await pactum.spec()\n  .get('http://localhost:9393/api/projects/1')\n  .expectStatus(204)\n  .toss();",
              "err": {},
              "uuid": "83420462-1785-4c6d-b88b-098cc9a9f2c3",
              "parentUUID": "a6e9d4ae-8c91-4428-bd49-98614654da04",
              "isHook": false,
              "skipped": false
            },
            {
              "title": "GET - Call - 4",
              "fullTitle": "OnCall - Mock Interactions GET - Call - 4",
              "timedOut": false,
              "duration": 4,
              "state": "passed",
              "speed": "fast",
              "pass": true,
              "fail": false,
              "pending": false,
              "context": null,
              "code": "await pactum.spec()\n  .get('http://localhost:9393/api/projects/1')\n  .expectStatus(204)\n  .toss();",
              "err": {},
              "uuid": "002edc48-d78c-46c7-87cc-441abb40c496",
              "parentUUID": "a6e9d4ae-8c91-4428-bd49-98614654da04",
              "isHook": false,
              "skipped": false
            },
            {
              "title": "GET - Call - 5",
              "fullTitle": "OnCall - Mock Interactions GET - Call - 5",
              "timedOut": false,
              "duration": 3,
              "state": "passed",
              "speed": "fast",
              "pass": true,
              "fail": false,
              "pending": false,
              "context": null,
              "code": "await pactum.spec()\n  .get('http://localhost:9393/api/projects/1')\n  .expectStatus(500)\n  .toss();",
              "err": {},
              "uuid": "323ce968-d347-4585-8756-ecb25b78375a",
              "parentUUID": "a6e9d4ae-8c91-4428-bd49-98614654da04",
              "isHook": false,
              "skipped": false
            }
          ],
          "suites": [],
          "passes": [
            "cd34f45c-e949-4d80-aa56-05760e39ff21",
            "4e2f02e1-54d3-45d7-992d-dbe8f7a7860b",
            "e64ddd1e-ea83-477c-aa15-99bdcd99ed87",
            "83420462-1785-4c6d-b88b-098cc9a9f2c3",
            "002edc48-d78c-46c7-87cc-441abb40c496",
            "323ce968-d347-4585-8756-ecb25b78375a"
          ],
          "failures": [],
          "pending": [],
          "skipped": [],
          "duration": 25,
          "root": false,
          "rootEmpty": false,
          "_timeout": 10000
        },
        {
          "uuid": "30481b6f-2dc6-4237-9bb5-0931cbc6ab91",
          "title": "Deprecated",
          "fullFile": "/Users/MU/Documents/jenkinsPractice-01/test/component/deprecated.spec.js",
          "file": "/test/component/deprecated.spec.js",
          "beforeHooks": [],
          "afterHooks": [],
          "tests": [
            {
              "title": "expects",
              "fullTitle": "Deprecated expects",
              "timedOut": false,
              "duration": 6,
              "state": "passed",
              "speed": "fast",
              "pass": true,
              "fail": false,
              "pending": false,
              "context": null,
              "code": "await pactum.spec()\n  .useInteraction('get people')\n  .get('http://localhost:9393/api/people')\n  .expectJsonAt('people[0].name', 'Matt')\n  .expectJsonLikeAt('people[0].name', 'Matt')\n  .expectJsonMatchAt('people[0].name', 'Matt')\n  .expectJsonMatchStrictAt('people[0].name', 'Matt')\n  .expectJsonSchemaAt('people[0].name', { type: 'string' });",
              "err": {},
              "uuid": "f563d65e-e64a-4aaf-b25d-b4ee1e737431",
              "parentUUID": "30481b6f-2dc6-4237-9bb5-0931cbc6ab91",
              "isHook": false,
              "skipped": false
            }
          ],
          "suites": [],
          "passes": [
            "f563d65e-e64a-4aaf-b25d-b4ee1e737431"
          ],
          "failures": [],
          "pending": [],
          "skipped": [],
          "duration": 6,
          "root": false,
          "rootEmpty": false,
          "_timeout": 10000
        },
        {
          "uuid": "766fe123-ae96-45cc-b463-5b1774db64b2",
          "title": "Dynamic",
          "fullFile": "/Users/MU/Documents/jenkinsPractice-01/test/component/dynamic.spec.js",
          "file": "/test/component/dynamic.spec.js",
          "beforeHooks": [],
          "afterHooks": [],
          "tests": [
            {
              "title": "GET - without query",
              "fullTitle": "Dynamic GET - without query",
              "timedOut": false,
              "duration": 3,
              "state": "passed",
              "speed": "fast",
              "pass": true,
              "fail": false,
              "pending": false,
              "context": null,
[...]
              "title": "store single value",
              "fullTitle": "Stores store single value",
              "timedOut": false,
              "duration": 12,
              "state": "passed",
              "speed": "fast",
              "pass": true,
              "fail": false,
              "pending": false,
              "context": null,
              "code": "await pactum.spec()\n  .useInteraction('get stores')\n  .get('http://localhost:9393/api/stores')\n  .expectStatus(200)\n  .stores('UserId', 'id');\nawait pactum.spec()\n  .useInteraction('post stores')\n  .post('http://localhost:9393/api/stores')\n  .withJson({\n    UserId: '$S{UserId}'\n  })\n  .expectStatus(200);\nawait pactum.spec()\n  .useInteraction('post stores with id')\n  .post('http://localhost:9393/api/stores/$S{UserId}')\n  .expectStatus(200);",
              "err": {},
              "uuid": "b274ab97-8696-494b-a391-8132d05fa0b7",
              "parentUUID": "07f5eee1-d8e5-4e70-9d87-39e3151be689",
              "isHook": false,
              "skipped": false
            },
            {
              "title": "store multiple value",
              "fullTitle": "Stores store multiple value",
              "timedOut": false,
              "duration": 7,
              "state": "passed",
              "speed": "fast",
              "pass": true,
              "fail": false,
              "pending": false,
              "context": null,
              "code": "await pactum.spec()\n  .useInteraction({\n    request: {\n      method: 'GET',\n      path: '/api/stores'\n    },\n    response: {\n      status: 200,\n      body: [\n        {\n          id: 1,\n          name: 'Jon'\n        },\n        {\n          id: 2,\n          name: 'Snow'\n        }\n      ]\n    }\n  })\n  .get('http://localhost:9393/api/stores')\n  .expectStatus(200)\n  .stores('FirstUser', '[0]')\n  .stores('SecondUser', '[1]');\nawait pactum.spec()\n  .useInteraction({\n    request: {\n      method: 'POST',\n      path: '/api/stores',\n      body: {\n        UserId: 1\n      }\n    },\n    response: {\n      status: 200\n    }\n  })\n  .post('http://localhost:9393/api/stores')\n  .withJson({\n    UserId: '$S{FirstUser.id}'\n  })\n  .expectStatus(200);",
              "err": {},
              "uuid": "7944633e-0f3f-462b-b25b-a2f5c6288708",
              "parentUUID": "07f5eee1-d8e5-4e70-9d87-39e3151be689",
              "isHook": false,
              "skipped": false
            },
            {
              "title": "invalid spec reference",
              "fullTitle": "Stores invalid spec reference",
              "timedOut": false,
              "duration": 3,
              "state": "passed",
              "speed": "fast",
              "pass": true,
              "fail": false,
              "pending": false,
              "context": null,
              "code": "await pactum.spec()\n  .useInteraction({\n    request: {\n      method: 'POST',\n      path: '/api/stores',\n      body: {\n        UserId: '$S{Unknown}'\n      }\n    },\n    response: {\n      status: 200\n    }\n  })\n  .post('http://localhost:9393/api/stores')\n  .withJson({\n    UserId: '$S{Unknown}'\n  })\n  .expectStatus(200);",
              "err": {},
              "uuid": "7293d419-45cf-4919-80b5-914b3b03a5be",
              "parentUUID": "07f5eee1-d8e5-4e70-9d87-39e3151be689",
              "isHook": false,
              "skipped": false
            },
            {
              "title": "store single value - capture handlers",
              "fullTitle": "Stores store single value - capture handlers",
              "timedOut": false,
              "duration": 6,
              "state": "passed",
              "speed": "fast",
              "pass": true,
              "fail": false,
              "pending": false,
              "context": null,
              "code": "pactum.handler.addCaptureHandler('GetID', ({ res }) => res.json.id);\nawait pactum.spec()\n  .useInteraction({\n    request: {\n      method: 'GET',\n      path: '/api/stores'\n    },\n    response: {\n      status: 200,\n      body: {\n        id: 1\n      }\n    }\n  })\n  .get('http://localhost:9393/api/stores')\n  .expectStatus(200)\n  .stores('CapturedUserId', '#GetID');\nawait pactum.spec()\n  .useInteraction({\n    request: {\n      method: 'POST',\n      path: '/api/stores',\n      body: {\n        UserId: 1\n      }\n    },\n    response: {\n      status: 200\n    }\n  })\n  .post('http://localhost:9393/api/stores')\n  .withJson({\n    UserId: '$S{CapturedUserId}'\n  })\n  .expectStatus(200);",
              "err": {},
              "uuid": "41959c43-2be8-4443-a5c3-84009fe1ab07",
              "parentUUID": "07f5eee1-d8e5-4e70-9d87-39e3151be689",
              "isHook": false,
              "skipped": false
            },
            {
              "title": "store single value after response",
              "fullTitle": "Stores store single value after response",
              "timedOut": false,
              "duration": 12,
              "state": "passed",
              "speed": "fast",
              "pass": true,
              "fail": false,
              "pending": false,
              "context": null,
              "code": "const spec = pactum.spec();\nawait spec\n  .useInteraction('get stores')\n  .get('http://localhost:9393/api/stores')\n  .expectStatus(200);\nspec.stores('UserId', 'id');\nawait pactum.spec()\n  .useInteraction('post stores')\n  .post('http://localhost:9393/api/stores')\n  .withJson({\n    UserId: '$S{UserId}'\n  })\n  .expectStatus(200);\nawait pactum.spec()\n  .useInteraction('post stores with id')\n  .post('http://localhost:9393/api/stores/$S{UserId}')\n  .expectStatus(200);",
              "err": {},
              "uuid": "302b3dc5-6772-48e6-bde9-6cb202dfbfcf",
              "parentUUID": "07f5eee1-d8e5-4e70-9d87-39e3151be689",
              "isHook": false,
              "skipped": false
            }
          ],
          "suites": [],
          "passes": [
            "b274ab97-8696-494b-a391-8132d05fa0b7",
            "7944633e-0f3f-462b-b25b-a2f5c6288708",
            "7293d419-45cf-4919-80b5-914b3b03a5be",
            "41959c43-2be8-4443-a5c3-84009fe1ab07",
            "302b3dc5-6772-48e6-bde9-6cb202dfbfcf"
          ],
          "failures": [],
          "pending": [],
          "skipped": [],
          "duration": 40,
          "root": false,
          "rootEmpty": false,
          "_timeout": 10000
        },
        {
          "uuid": "8f38b406-3c8c-4c7c-9fe1-c1e3e95a0963",
          "title": "Templates & Maps",
          "fullFile": "/Users/MU/Documents/jenkinsPractice-01/test/component/templates.spec.js",
          "file": "/test/component/templates.spec.js",
          "beforeHooks": [
            {
              "title": "\"before all\" hook in \"Templates & Maps\"",
              "fullTitle": "Templates & Maps \"before all\" hook in \"Templates & Maps\"",
              "timedOut": false,
              "duration": 2,
              "state": null,
              "speed": null,
              "pass": false,
              "fail": false,
              "pending": false,
              "context": null,
              "code": "stash.loadData('./test/data');\nstash.addDataTemplate({\n  'User.NewUser': {\n    FirstName: 'Jon',\n    LastName: 'Snow',\n    Country: '$M{User.Country}',\n    Addresses: []\n  },\n  'User.Address': {\n    Castle: 'WinterFell',\n    Realm: 'The North'\n  }\n});\nstash.addDataMap({\n  User: {\n    FirstName: 'Jon',\n    LastName: 'Snow',\n    Country: 'North'\n  },\n  Castle: {\n    Wall: 'Castle Black'\n  }\n});\nstash.addDataMap([]);\nstash.addDataTemplate([]);\npactum.handler.addDataFuncHandler('GetZero', () => 0);\npactum.handler.addDataFuncHandler('GetAuthToken', () => 'Basic xyz');\npactum.handler.addDataFuncHandler('GetNumber', (ctx) => ctx.args[0]);\npactum.handler.addDataFuncHandler('GetSum', (ctx) => parseInt(ctx.args[0]) + parseInt(ctx.args[1]));",
              "err": {},
              "uuid": "0960bbce-16fa-415e-aa84-56a8c2d261f9",
              "parentUUID": "8f38b406-3c8c-4c7c-9fe1-c1e3e95a0963",
              "isHook": true,
              "skipped": false
            }
          ],
          "afterHooks": [
            {
              "title": "\"after all\" hook in \"Templates & Maps\"",
              "fullTitle": "Templates & Maps \"after all\" hook in \"Templates & Maps\"",
              "timedOut": false,
              "duration": 0,
              "state": null,
              "speed": null,
              "pass": false,
              "fail": false,
              "pending": false,
              "context": null,
              "code": "stash.clearDataTemplates();\nstash.clearDataMaps();",
              "err": {},
              "uuid": "ac96a19f-8e78-48f5-bb3a-b731a2beaee8",
              "parentUUID": "8f38b406-3c8c-4c7c-9fe1-c1e3e95a0963",
              "isHook": true,
              "skipped": false
            }
          ],
          "tests": [
            {
              "title": "new user with pure template",
              "fullTitle": "Templates & Maps new user with pure template",
              "timedOut": false,
              "duration": 3,
              "state": "passed",
              "speed": "fast",
              "pass": true,
              "fail": false,
              "pending": false,
              "context": null,
              "code": "await pactum.spec()\n  .useInteraction({\n    request: {\n      method: 'POST',\n      path: '/api/users',\n      body: {\n        FirstName: 'Jon',\n        LastName: 'Snow',\n        Country: 'North',\n        Addresses: []\n      }\n    },\n    response: {\n      status: 200\n    }\n  })\n  .post('http://localhost:9393/api/users')\n  .withJson({\n    '@DATA:TEMPLATE@': 'User.NewUser'\n  })\n  .expectStatus(200);",
              "err": {},
              "uuid": "16ea49d3-c807-44cf-9f35-e35c7d456fa0",
              "parentUUID": "8f38b406-3c8c-4c7c-9fe1-c1e3e95a0963",
              "isHook": false,
              "skipped": false
            },
            {
              "title": "new user with pure - override existing property",
              "fullTitle": "Templates & Maps new user with pure - override existing property",
              "timedOut": false,
              "duration": 6,
              "state": "passed",
              "speed": "fast",
              "pass": true,
              "fail": false,
              "pending": false,
              "context": null,
              "code": "await pactum.spec()\n  .useInteraction({\n    request: {\n      method: 'POST',\n      path: '/api/users',\n      body: {\n        FirstName: 'Jon',\n        LastName: 'Dragon',\n        Country: 'North',\n        Addresses: []\n      }\n    },\n    response: {\n      status: 200\n    }\n  })\n  .post('http://localhost:9393/api/users')\n  .withJson({\n    '@DATA:TEMPLATE@': 'User.NewUser',\n    '@OVERRIDES@': {\n      LastName: 'Dragon'\n    }\n  })\n  .expectStatus(200);",
              "err": {},
              "uuid": "c167c108-854d-4368-8ad1-0c32bc7d4a8d",
              "parentUUID": "8f38b406-3c8c-4c7c-9fe1-c1e3e95a0963",
              "isHook": false,
              "skipped": false
            },
            {
              "title": "new user with pure - override existing property with template & map",
              "fullTitle": "Templates & Maps new user with pure - override existing property with template & map",
              "timedOut": false,
              "duration": 3,
              "state": "passed",
              "speed": "fast",
              "pass": true,
              "fail": false,
              "pending": false,
              "context": null,
              "code": "await pactum.spec()\n  .useInteraction({\n    request: {\n      method: 'POST',\n      path: '/api/users',\n      body: {\n        FirstName: 'Jon',\n        LastName: 'Snow',\n        Country: 'North',\n        Age: 0,\n        Addresses: [\n          {\n            Castle: 'WinterFell',\n            Realm: 'The North'\n          }\n        ]\n      }\n    },\n    response: {\n      status: 200\n    }\n  })\n  .post('http://localhost:9393/api/users')\n  .withJson({\n    '@DATA:TEMPLATE@': 'User.NewUser',\n    '@OVERRIDES@': {\n      Age: '$F{GetZero}',\n      Addresses: [\n        {\n          '@DATA:TEMPLATE@': 'User.Address'\n        }\n      ]\n    }\n  })\n  .expectStatus(200);",
              "err": {},
              "uuid": "0babedfb-b2f7-4410-a993-674526c7ec76",
              "parentUUID": "8f38b406-3c8c-4c7c-9fe1-c1e3e95a0963",
              "isHook": false,
              "skipped": false
            },
            {
              "title": "new user with pure - nested override",
              "fullTitle": "Templates & Maps new user with pure - nested override",
              "timedOut": false,
              "duration": 3,
              "state": "passed",
              "speed": "fast",
              "pass": true,
              "fail": false,
              "pending": false,
              "context": null,
              "code": "await pactum.spec()\n  .useInteraction({\n    request: {\n      method: 'POST',\n      path: '/api/users',\n      body: {\n        FirstName: 'Jon',\n        LastName: 'Snow',\n        Country: 'North',\n        Addresses: [\n          {\n            Castle: 'Castle Black',\n            Realm: 'The North'\n          }\n        ]\n      }\n    },\n    response: {\n      status: 200\n    }\n  })\n  .post('http://localhost:9393/api/users')\n  .withJson({\n    '@DATA:TEMPLATE@': 'User.NewUser',\n    '@OVERRIDES@': {\n      Addresses: [\n        {\n          '@DATA:TEMPLATE@': 'User.Address',\n          '@OVERRIDES@': {\n            Castle: '$M{Castle.Wall}'\n          }\n        }\n      ]\n    }\n  })\n  .expectStatus(200);",
              "err": {},
              "uuid": "856635f6-5c84-4268-a034-33713e38cbe5",
              "parentUUID": "8f38b406-3c8c-4c7c-9fe1-c1e3e95a0963",
              "isHook": false,
              "skipped": false
            },
            {
              "title": "data ref in query & headers",
              "fullTitle": "Templates & Maps data ref in query & headers",
              "timedOut": false,
              "duration": 3,
              "state": "passed",
              "speed": "fast",
              "pass": true,
              "fail": false,
              "pending": false,
              "context": null,
              "code": "await pactum.spec()\n  .useInteraction({\n    request: {\n      method: 'GET',\n      path: '/api/users',\n      queryParams: {\n        age: 0,\n        mass: 10\n      },\n      headers: {\n        'Authorization': 'Basic xyz'\n      }\n    },\n    response: {\n      status: 200\n    }\n  })\n  .get('http://localhost:9393/api/users')\n  .withQueryParams('age', '$F{GetNumber:0}')\n  .withQueryParams('mass', '$F{GetSum:3,7}')\n  .withHeaders('Authorization', '$F{GetAuthToken}')\n  .expectStatus(200);",
              "err": {},
              "uuid": "3e039f0a-94b8-47b5-980a-4b6afe2ef1bd",
              "parentUUID": "8f38b406-3c8c-4c7c-9fe1-c1e3e95a0963",
              "isHook": false,
              "skipped": false
            },
            {
              "title": "mock using data reference in query & headers",
              "fullTitle": "Templates & Maps mock using data reference in query & headers",
              "timedOut": false,
              "duration": 3,
              "state": "passed",
              "speed": "fast",
              "pass": true,
              "fail": false,
              "pending": false,
              "context": null,
              "code": "await pactum.spec()\n  .useInteraction({\n    request: {\n      method: 'GET',\n      path: '/api/users',\n      queryParams: {\n        name: '$M{User.FirstName}'\n      }\n    },\n    response: {\n      status: 200,\n      headers: {\n        'Authorization': '$F{GetAuthToken}'\n      },\n      body: {\n        '@DATA:TEMPLATE@': 'User.NewUser'\n      }\n    }\n  })\n  .get('http://localhost:9393/api/users')\n  .withQueryParams({ name: 'Jon' })\n  .expectHeader('authorization', 'Basic xyz')\n  .expectJson({\n    FirstName: 'Jon',\n    LastName: 'Snow',\n    Country: 'North',\n    Addresses: []\n  });",
              "err": {},
              "uuid": "55f043e7-b409-496b-a69e-79d273d55a75",
              "parentUUID": "8f38b406-3c8c-4c7c-9fe1-c1e3e95a0963",
              "isHook": false,
              "skipped": false
            },
            {
              "title": "post new army from a template in fs",
              "fullTitle": "Templates & Maps post new army from a template in fs",
              "timedOut": false,
              "duration": 3,
              "state": "passed",
              "speed": "fast",
              "pass": true,
              "fail": false,
              "pending": false,
              "context": null,
              "code": "await pactum.spec()\n  .useInteraction({\n    request: {\n      method: 'POST',\n      path: '/api/army',\n      body: {\n        \"Name\": \"Golden Army\",\n        \"Count\": 10000,\n        \"Alliance\": \"Stark\",\n        \"Cavalry\": \"$M{Unknown}\"\n      }\n    },\n    response: {\n      status: 200\n    }\n  })\n  .post('http://localhost:9393/api/army')\n  .withJson({\n    '@DATA:TEMPLATE@': 'Army:New',\n    '@OVERRIDES@': {\n      'Cavalry': '$M{Unknown}'\n    }\n  })\n  .expectStatus(200);",
              "err": {},
              "uuid": "292ad7dc-bc8e-488e-9bec-346d2107f8cd",
              "parentUUID": "8f38b406-3c8c-4c7c-9fe1-c1e3e95a0963",
              "isHook": false,
              "skipped": false
            },
            {
              "title": "expect schema from a template in fs",
              "fullTitle": "Templates & Maps expect schema from a template in fs",
              "timedOut": false,
              "duration": 4,
              "state": "passed",
              "speed": "fast",
              "pass": true,
              "fail": false,
              "pending": false,
              "context": null,
              "code": "await pactum.spec()\n  .useInteraction({\n    request: {\n      method: 'GET',\n      path: '/api/army'\n    },\n    response: {\n      status: 200,\n      body: {\n        \"Name\": \"Golden Army\",\n        \"Count\": 10000,\n        \"Alliance\": \"Stark\"\n      }\n    }\n  })\n  .get('http://localhost:9393/api/army')\n  .expectStatus(200)\n  .expectJsonSchema({\n    '@DATA:TEMPLATE@': 'Schema:Army'\n  });",
              "err": {},
              "uuid": "3269e1be-1756-4bd0-a7b0-c59dd7591554",
              "parentUUID": "8f38b406-3c8c-4c7c-9fe1-c1e3e95a0963",
              "isHook": false,
              "skipped": false
            }
          ],
          "suites": [],
          "passes": [
            "16ea49d3-c807-44cf-9f35-e35c7d456fa0",
            "c167c108-854d-4368-8ad1-0c32bc7d4a8d",
            "0babedfb-b2f7-4410-a993-674526c7ec76",
            "856635f6-5c84-4268-a034-33713e38cbe5",
            "3e039f0a-94b8-47b5-980a-4b6afe2ef1bd",
            "55f043e7-b409-496b-a69e-79d273d55a75",
            "292ad7dc-bc8e-488e-9bec-346d2107f8cd",
            "3269e1be-1756-4bd0-a7b0-c59dd7591554"
          ],
          "failures": [],
          "pending": [],
          "skipped": [],
          "duration": 28,
          "root": false,
          "rootEmpty": false,
          "_timeout": 10000
        }
      ],
      "passes": [],
      "failures": [],
      "pending": [],
      "skipped": [],
      "duration": 0,
      "root": true,
      "rootEmpty": true,
      "_timeout": 10000
    }
  ],
  "meta": {
    "mocha": {
      "version": "10.0.0"
    },
    "mochawesome": {
      "options": {
        "quiet": false,
        "reportFilename": "mochawesome",
        "saveHtml": true,
        "saveJson": true,
        "consoleReporter": "spec",
        "useInlineDiffs": false,
        "code": true
      },
      "version": "6.3.1"
    },
    "marge": {
      "options": null,
      "version": "5.2.0"
    }
  }
}